# JRE version: OpenJDK Runtime Environment (25.0+36) (build 25+36-3489)
# Java VM: OpenJDK 64-Bit Server VM (25+36-3489, mixed mode, sharing, tiered, compressed oops, compressed class ptrs, g1 gc, windows-amd64)
GC Precious Log:
 CardTable entry size: 512
 Card Set container configuration: InlinePtr #cards 4 size 8 Array Of Cards #cards 16 size 48 Howl #buckets 8 coarsen threshold 3686 Howl Bitmap #cards 512 size 80 coarsen threshold 460 Card regions per heap region 1 cards per card region 4096
 CPUs: 12 total, 12 available
 Memory: 16067M
 Large Page Support: Disabled
 NUMA Support: Disabled
 Compressed Oops: Enabled (Zero based)
 Heap Region Size: 2M
 Heap Min Capacity: 8M
 Heap Initial Capacity: 252M
 Heap Max Capacity: 4018M
 Pre-touch: Disabled
 Parallel Workers: 10
 Concurrent Workers: 3
 Concurrent Refinement Workers: 10
 Periodic GC: Disabled
Heap:
 garbage-first heap   total reserved 4114432K, committed 106496K, used 59489K [0x0000000704e00000, 0x0000000800000000)
  region size 2048K, 20 young (40960K), 5 survivors (10240K)
GC Heap Usage History (20 events):
Event: 2.035 {heap Before GC invocations=1 (full 0):
 garbage-first heap   total reserved 4114432K, committed 260096K, used 31726K [0x0000000704e00000, 0x0000000800000000)
  region size 2048K, 16 young (32768K), 3 survivors (6144K)
}
Event: 2.038 {heap After GC invocations=2 (full 0):
 garbage-first heap   total reserved 4114432K, committed 260096K, used 11773K [0x0000000704e00000, 0x0000000800000000)
  region size 2048K, 5 young (10240K), 5 survivors (10240K)
}
Event: 2.425 {heap Before GC invocations=3 (full 0):
 garbage-first heap   total reserved 4114432K, committed 49152K, used 46589K [0x0000000704e00000, 0x0000000800000000)
  region size 2048K, 22 young (45056K), 5 survivors (10240K)
}
Event: 2.432 {heap After GC invocations=4 (full 0):
 garbage-first heap   total reserved 4114432K, committed 61440K, used 15239K [0x0000000704e00000, 0x0000000800000000)
  region size 2048K, 6 young (12288K), 6 survivors (12288K)
}
Event: 2.688 {heap Before GC invocations=4 (full 0):
 garbage-first heap   total reserved 4114432K, committed 61440K, used 39815K [0x0000000704e00000, 0x0000000800000000)
  region size 2048K, 18 young (36864K), 6 survivors (12288K)
}
Event: 2.696 {heap After GC invocations=5 (full 0):
 garbage-first heap   total reserved 4114432K, committed 61440K, used 17228K [0x0000000704e00000, 0x0000000800000000)
  region size 2048K, 2 young (4096K), 2 survivors (4096K)
}
Event: 3.067 {heap Before GC invocations=5 (full 0):
 garbage-first heap   total reserved 4114432K, committed 61440K, used 43852K [0x0000000704e00000, 0x0000000800000000)
  region size 2048K, 15 young (30720K), 2 survivors (4096K)
}
Event: 3.074 {heap After GC invocations=6 (full 0):
 garbage-first heap   total reserved 4114432K, committed 61440K, used 19284K [0x0000000704e00000, 0x0000000800000000)
  region size 2048K, 2 young (4096K), 2 survivors (4096K)
}
Event: 3.191 {heap Before GC invocations=6 (full 0):
 garbage-first heap   total reserved 4114432K, committed 61440K, used 23380K [0x0000000704e00000, 0x0000000800000000)
  region size 2048K, 5 young (10240K), 2 survivors (4096K)
}
Event: 3.194 {heap After GC invocations=7 (full 0):
 garbage-first heap   total reserved 4114432K, committed 61440K, used 19962K [0x0000000704e00000, 0x0000000800000000)
  region size 2048K, 1 young (2048K), 1 survivors (2048K)
}
Event: 3.595 {heap Before GC invocations=8 (full 0):
 garbage-first heap   total reserved 4114432K, committed 61440K, used 46586K [0x0000000704e00000, 0x0000000800000000)
  region size 2048K, 14 young (28672K), 1 survivors (2048K)
}
Event: 3.597 {heap After GC invocations=9 (full 0):
 garbage-first heap   total reserved 4114432K, committed 61440K, used 21746K [0x0000000704e00000, 0x0000000800000000)
  region size 2048K, 2 young (4096K), 2 survivors (4096K)
}
Event: 3.948 {heap Before GC invocations=9 (full 0):
 garbage-first heap   total reserved 4114432K, committed 61440K, used 46322K [0x0000000704e00000, 0x0000000800000000)
  region size 2048K, 15 young (30720K), 2 survivors (4096K)
}
Event: 3.952 {heap After GC invocations=10 (full 0):
 garbage-first heap   total reserved 4114432K, committed 61440K, used 23083K [0x0000000704e00000, 0x0000000800000000)
  region size 2048K, 2 young (4096K), 2 survivors (4096K)
}
Event: 4.405 {heap Before GC invocations=10 (full 0):
 garbage-first heap   total reserved 4114432K, committed 61440K, used 49707K [0x0000000704e00000, 0x0000000800000000)
  region size 2048K, 15 young (30720K), 2 survivors (4096K)
}
Event: 4.408 {heap After GC invocations=11 (full 0):
 garbage-first heap   total reserved 4114432K, committed 159744K, used 25374K [0x0000000704e00000, 0x0000000800000000)
  region size 2048K, 2 young (4096K), 2 survivors (4096K)
}
Event: 4.608 {heap Before GC invocations=11 (full 0):
 garbage-first heap   total reserved 4114432K, committed 159744K, used 41758K [0x0000000704e00000, 0x0000000800000000)
  region size 2048K, 11 young (22528K), 2 survivors (4096K)
}
Event: 4.612 {heap After GC invocations=12 (full 0):
 garbage-first heap   total reserved 4114432K, committed 159744K, used 26370K [0x0000000704e00000, 0x0000000800000000)
  region size 2048K, 3 young (6144K), 3 survivors (6144K)
}
Event: 5.588 {heap Before GC invocations=13 (full 0):
 garbage-first heap   total reserved 4114432K, committed 96256K, used 91906K [0x0000000704e00000, 0x0000000800000000)
  region size 2048K, 36 young (73728K), 3 survivors (6144K)
}
Event: 5.593 {heap After GC invocations=14 (full 0):
 garbage-first heap   total reserved 4114432K, committed 106496K, used 30817K [0x0000000704e00000, 0x0000000800000000)
  region size 2048K, 5 young (10240K), 5 survivors (10240K)
}

